<?xml version="1.0" encoding="UTF-8"?>
<!-- Generated by org.testng.reporters.JUnitReportReporter -->
<testsuite skipped="0" hostname="LAPTOP-S1LVCJIH" name="com.TestCases.Tc_02_RegisterNewUser" tests="1" failures="0" timestamp="19 Feb 2019 16:02:59 GMT" time="49.834" errors="0">
  <testcase name="TestSignIn" time="49.834" classname="com.TestCases.Tc_02_RegisterNewUser"/>
</testsuite> <!-- com.TestCases.Tc_02_RegisterNewUser -->
