<?xml version="1.0" encoding="UTF-8"?>
<!-- Generated by org.testng.reporters.JUnitReportReporter -->
<testsuite skipped="0" hostname="LAPTOP-S1LVCJIH" name="com.TestCases.Tc_01_ValidateSigin_Page" tests="1" failures="0" timestamp="19 Feb 2019 15:43:27 GMT" time="58.696" errors="0">
  <testcase name="TestSignIn" time="58.696" classname="com.TestCases.Tc_01_ValidateSigin_Page"/>
</testsuite> <!-- com.TestCases.Tc_01_ValidateSigin_Page -->
